{"content": {"suites": {"0": {"status": {"total_pass": 15, "total_skip": 0, "total_xpass": 0, "total_xfail": 0, "total_rerun": 0, "total_fail": 2, "total_error": 0}, "tests": {"0": {"status": "PASS", "message": "", "test_name": "test_e2e", "rerun": "0"}, "1": {"status": "PASS", "message": "", "test_name": "test_login[getData0]", "rerun": "0"}, "2": {"status": "PASS", "message": "", "test_name": "test_popupmsg", "rerun": "0"}, "3": {"status": "PASS", "message": "", "test_name": "test_searchproduct", "rerun": "0"}, "4": {"status": "PASS", "message": "", "test_name": "test_cartPage", "rerun": "0"}, "5": {"status": "PASS", "message": "", "test_name": "test_checkOutPage", "rerun": "0"}, "6": {"status": "FAIL", "message": "   selenium.common.exceptions.NoSuchElementException: Message: no such element: Unable to locate element: {\"method\":\"xpath\",\"selector\":\"//div[@class='add-ship-address-inner']/div[1]/input\"}\n     (Session info: chrome=89.0.4389.90)\n", "test_name": "test_checkOutAddAddress", "rerun": "0"}, "7": {"status": "PASS", "message": "", "test_name": "test_timeSlot", "rerun": "0"}, "8": {"status": "PASS", "message": "", "test_name": "test_paymentMethods", "rerun": "0"}, "9": {"status": "PASS", "message": "", "test_name": "test_proceed", "rerun": "0"}, "10": {"status": "PASS", "message": "", "test_name": "test_viewOrder", "rerun": "0"}, "11": {"status": "PASS", "message": "", "test_name": "test_cancelOrder", "rerun": "0"}, "12": {"status": "PASS", "message": "", "test_name": "test_home", "rerun": "0"}, "13": {"status": "PASS", "message": "", "test_name": "test_myAccount", "rerun": "0"}, "14": {"status": "PASS", "message": "", "test_name": "test_deleteDefaultAddress", "rerun": "0"}, "15": {"status": "PASS", "message": "", "test_name": "test_addMyAccAddress", "rerun": "0"}, "16": {"status": "FAIL", "message": "   selenium.common.exceptions.ElementNotInteractableException: Message: element not interactable\n     (Session info: chrome=89.0.4389.90)\n", "test_name": "test_editMyAccAddress", "rerun": "0"}}, "suite_name": "test_all.py"}}}, "date": "March 18, 2021", "start_time": 1616069327, "total_suite": 1, "status": "FAIL", "status_list": {"pass": "15", "fail": "2", "skip": "0", "error": "0", "xpass": "0", "xfail": "0", "rerun": "0"}, "total_tests": "17"}