{"content": {"suites": {"0": {"status": {"total_pass": 0, "total_skip": 0, "total_xpass": 0, "total_xfail": 0, "total_rerun": 0, "total_fail": 26, "total_error": 0}, "tests": {"0": {"status": "FAIL", "message": "   selenium.common.exceptions.ElementClickInterceptedException: Message: element click intercepted: Element <button _ngcontent-khj-c7=\"\" mat-raised-button=\"\" class=\"mat-raised-button _mat-animation-noopable\">...</button> is not clickable at point (319, 341). Other element would receive the click: <div _ngcontent-khj-c7=\"\" class=\"card\" style=\"background: url(&quot;https://s3.ap-south-1.amazonaws.com/test.shopboo.in/images/franchisees/icons/0009.jpg&quot;);\">...</div>\n     (Session info: chrome=89.0.4389.90)\n", "test_name": "test_e2e", "rerun": "0"}, "1": {"status": "FAIL", "message": "   AttributeError: 'NoneType' object has no attribute 'click'\n", "test_name": "test_login[getData0]", "rerun": "0"}, "2": {"status": "FAIL", "message": "   selenium.common.exceptions.NoSuchWindowException: Message: no such window: target window already closed\n   from unknown error: web view not found\n     (Session info: chrome=89.0.4389.90)\n", "test_name": "test_popupmsg", "rerun": "0"}, "3": {"status": "FAIL", "message": "       TypeError: not all arguments converted during string formatting\n", "test_name": "test_searchproduct", "rerun": "0"}, "4": {"status": "FAIL", "message": "   selenium.common.exceptions.NoSuchWindowException: Message: no such window: target window already closed\n   from unknown error: web view not found\n     (Session info: chrome=89.0.4389.90)\n", "test_name": "test_cartPage", "rerun": "0"}, "5": {"status": "FAIL", "message": "   selenium.common.exceptions.NoSuchWindowException: Message: no such window: target window already closed\n   from unknown error: web view not found\n     (Session info: chrome=89.0.4389.90)\n", "test_name": "test_checkOutPage", "rerun": "0"}, "6": {"status": "FAIL", "message": "   selenium.common.exceptions.NoSuchWindowException: Message: no such window: target window already closed\n   from unknown error: web view not found\n     (Session info: chrome=89.0.4389.90)\n", "test_name": "test_checkOutAddAddress", "rerun": "0"}, "7": {"status": "FAIL", "message": "   selenium.common.exceptions.NoSuchWindowException: Message: no such window: target window already closed\n   from unknown error: web view not found\n     (Session info: chrome=89.0.4389.90)\n", "test_name": "test_timeSlot", "rerun": "0"}, "8": {"status": "FAIL", "message": "   selenium.common.exceptions.NoSuchWindowException: Message: no such window: target window already closed\n   from unknown error: web view not found\n     (Session info: chrome=89.0.4389.90)\n", "test_name": "test_paymentMethods", "rerun": "0"}, "9": {"status": "FAIL", "message": "   selenium.common.exceptions.NoSuchWindowException: Message: no such window: target window already closed\n   from unknown error: web view not found\n     (Session info: chrome=89.0.4389.90)\n", "test_name": "test_proceed", "rerun": "0"}, "10": {"status": "FAIL", "message": "   selenium.common.exceptions.NoSuchWindowException: Message: no such window: target window already closed\n   from unknown error: web view not found\n     (Session info: chrome=89.0.4389.90)\n", "test_name": "test_viewOrder", "rerun": "0"}, "11": {"status": "FAIL", "message": "   selenium.common.exceptions.NoSuchWindowException: Message: no such window: target window already closed\n   from unknown error: web view not found\n     (Session info: chrome=89.0.4389.90)\n", "test_name": "test_cancelOrder", "rerun": "0"}, "12": {"status": "FAIL", "message": "   selenium.common.exceptions.NoSuchWindowException: Message: no such window: target window already closed\n   from unknown error: web view not found\n     (Session info: chrome=89.0.4389.90)\n", "test_name": "test_home", "rerun": "0"}, "13": {"status": "FAIL", "message": "   selenium.common.exceptions.NoSuchWindowException: Message: no such window: target window already closed\n   from unknown error: web view not found\n     (Session info: chrome=89.0.4389.90)\n", "test_name": "test_myAccount", "rerun": "0"}, "14": {"status": "FAIL", "message": "   selenium.common.exceptions.NoSuchWindowException: Message: no such window: target window already closed\n   from unknown error: web view not found\n     (Session info: chrome=89.0.4389.90)\n", "test_name": "test_deleteDefaultAddress", "rerun": "0"}, "15": {"status": "FAIL", "message": "   selenium.common.exceptions.NoSuchWindowException: Message: no such window: target window already closed\n   from unknown error: web view not found\n     (Session info: chrome=89.0.4389.90)\n", "test_name": "test_addMyAccAddress", "rerun": "0"}, "16": {"status": "FAIL", "message": "   selenium.common.exceptions.NoSuchWindowException: Message: no such window: target window already closed\n   from unknown error: web view not found\n     (Session info: chrome=89.0.4389.90)\n", "test_name": "test_editMyAccAddress", "rerun": "0"}, "17": {"status": "FAIL", "message": "   selenium.common.exceptions.NoSuchWindowException: Message: no such window: target window already closed\n   from unknown error: web view not found\n     (Session info: chrome=89.0.4389.90)\n", "test_name": "test_validateWallet", "rerun": "0"}, "18": {"status": "FAIL", "message": "   selenium.common.exceptions.NoSuchWindowException: Message: no such window: target window already closed\n   from unknown error: web view not found\n     (Session info: chrome=89.0.4389.90)\n", "test_name": "test_myOrders", "rerun": "0"}, "19": {"status": "FAIL", "message": "   selenium.common.exceptions.NoSuchWindowException: Message: no such window: target window already closed\n   from unknown error: web view not found\n     (Session info: chrome=89.0.4389.90)\n", "test_name": "test_myOrdersOffline", "rerun": "0"}, "20": {"status": "FAIL", "message": "   selenium.common.exceptions.NoSuchWindowException: Message: no such window: target window already closed\n   from unknown error: web view not found\n     (Session info: chrome=89.0.4389.90)\n", "test_name": "test_myOrdersOnline", "rerun": "0"}, "21": {"status": "FAIL", "message": "   selenium.common.exceptions.NoSuchWindowException: Message: no such window: target window already closed\n   from unknown error: web view not found\n     (Session info: chrome=89.0.4389.90)\n", "test_name": "test_myWishList", "rerun": "0"}, "22": {"status": "FAIL", "message": "   selenium.common.exceptions.NoSuchWindowException: Message: no such window: target window already closed\n   from unknown error: web view not found\n     (Session info: chrome=89.0.4389.90)\n", "test_name": "test_myAutomaticDailyList", "rerun": "0"}, "23": {"status": "FAIL", "message": "   selenium.common.exceptions.NoSuchWindowException: Message: no such window: target window already closed\n   from unknown error: web view not found\n     (Session info: chrome=89.0.4389.90)\n", "test_name": "test_deleteAutoList", "rerun": "0"}, "24": {"status": "FAIL", "message": "   selenium.common.exceptions.NoSuchWindowException: Message: no such window: target window already closed\n   from unknown error: web view not found\n     (Session info: chrome=89.0.4389.90)\n", "test_name": "test_myAutomaticWeeklyList", "rerun": "0"}, "25": {"status": "FAIL", "message": "   selenium.common.exceptions.NoSuchWindowException: Message: no such window: target window already closed\n   from unknown error: web view not found\n     (Session info: chrome=89.0.4389.90)\n", "test_name": "test_myAutomaticMonthlyList", "rerun": "0"}}, "suite_name": "test_all.py"}}}, "date": "March 24, 2021", "start_time": 1616581216, "total_suite": 1, "status": "FAIL", "status_list": {"pass": "0", "fail": "26", "skip": "0", "error": "0", "xpass": "0", "xfail": "0", "rerun": "0"}, "total_tests": "26"}